2026-01-30 14:20:48,987 - __main__ - INFO - Starting bot...
2026-01-30 14:20:48,987 - __main__ - INFO - Monitoring group: -4993252670
2026-01-30 14:20:48,987 - __main__ - INFO - Trigger phrase: 'USER MESSAGE'
2026-01-30 14:20:49,207 - httpx - INFO - HTTP Request: POST https://api.telegram.org/bot8223733917:AAFabLukypvSim_T9zIMmu6Zvi0XfOoRNc4/getMe "HTTP/1.1 200 OK"
2026-01-30 14:20:49,254 - httpx - INFO - HTTP Request: POST https://api.telegram.org/bot8223733917:AAFabLukypvSim_T9zIMmu6Zvi0XfOoRNc4/deleteWebhook "HTTP/1.1 200 OK"
2026-01-30 14:20:49,257 - telegram.ext.Application - INFO - Application started
2026-01-30 14:20:49,426 - httpx - INFO - HTTP Request: POST https://api.telegram.org/bot8223733917:AAFabLukypvSim_T9zIMmu6Zvi0XfOoRNc4/getUpdates "HTTP/1.1 200 OK"
2026-01-30 14:20:59,508 - httpx - INFO - HTTP Request: POST https://api.telegram.org/bot8223733917:AAFabLukypvSim_T9zIMmu6Zvi0XfOoRNc4/getUpdates "HTTP/1.1 200 OK"
2026-01-30 14:21:09,564 - httpx - INFO - HTTP Request: POST https://api.telegram.org/bot8223733917:AAFabLukypvSim_T9zIMmu6Zvi0XfOoRNc4/getUpdates "HTTP/1.1 200 OK"
2026-01-30 14:21:19,624 - httpx - INFO - HTTP Request: POST https://api.telegram.org/bot8223733917:AAFabLukypvSim_T9zIMmu6Zvi0XfOoRNc4/getUpdates "HTTP/1.1 200 OK"
2026-01-30 14:21:29,695 - httpx - INFO - HTTP Request: POST https://api.telegram.org/bot8223733917:AAFabLukypvSim_T9zIMmu6Zvi0XfOoRNc4/getUpdates "HTTP/1.1 200 OK"
2026-01-30 14:21:39,767 - httpx - INFO - HTTP Request: POST https://api.telegram.org/bot8223733917:AAFabLukypvSim_T9zIMmu6Zvi0XfOoRNc4/getUpdates "HTTP/1.1 200 OK"
2026-01-30 14:21:49,865 - httpx - INFO - HTTP Request: POST https://api.telegram.org/bot8223733917:AAFabLukypvSim_T9zIMmu6Zvi0XfOoRNc4/getUpdates "HTTP/1.1 200 OK"
2026-01-30 14:22:00,023 - httpx - INFO - HTTP Request: POST https://api.telegram.org/bot8223733917:AAFabLukypvSim_T9zIMmu6Zvi0XfOoRNc4/getUpdates "HTTP/1.1 200 OK"
2026-01-30 14:22:10,074 - httpx - INFO - HTTP Request: POST https://api.telegram.org/bot8223733917:AAFabLukypvSim_T9zIMmu6Zvi0XfOoRNc4/getUpdates "HTTP/1.1 200 OK"
2026-01-30 14:22:20,123 - httpx - INFO - HTTP Request: POST https://api.telegram.org/bot8223733917:AAFabLukypvSim_T9zIMmu6Zvi0XfOoRNc4/getUpdates "HTTP/1.1 200 OK"
2026-01-30 14:22:30,352 - httpx - INFO - HTTP Request: POST https://api.telegram.org/bot8223733917:AAFabLukypvSim_T9zIMmu6Zvi0XfOoRNc4/getUpdates "HTTP/1.1 200 OK"
2026-01-30 14:22:40,417 - httpx - INFO - HTTP Request: POST https://api.telegram.org/bot8223733917:AAFabLukypvSim_T9zIMmu6Zvi0XfOoRNc4/getUpdates "HTTP/1.1 200 OK"
2026-01-30 14:22:50,487 - httpx - INFO - HTTP Request: POST https://api.telegram.org/bot8223733917:AAFabLukypvSim_T9zIMmu6Zvi0XfOoRNc4/getUpdates "HTTP/1.1 200 OK"
2026-01-30 14:23:00,632 - httpx - INFO - HTTP Request: POST https://api.telegram.org/bot8223733917:AAFabLukypvSim_T9zIMmu6Zvi0XfOoRNc4/getUpdates "HTTP/1.1 200 OK"
2026-01-30 14:23:10,746 - httpx - INFO - HTTP Request: POST https://api.telegram.org/bot8223733917:AAFabLukypvSim_T9zIMmu6Zvi0XfOoRNc4/getUpdates "HTTP/1.1 200 OK"
2026-01-30 14:23:20,800 - httpx - INFO - HTTP Request: POST https://api.telegram.org/bot8223733917:AAFabLukypvSim_T9zIMmu6Zvi0XfOoRNc4/getUpdates "HTTP/1.1 200 OK"
2026-01-30 14:23:31,025 - httpx - INFO - HTTP Request: POST https://api.telegram.org/bot8223733917:AAFabLukypvSim_T9zIMmu6Zvi0XfOoRNc4/getUpdates "HTTP/1.1 200 OK"
2026-01-30 14:23:41,178 - httpx - INFO - HTTP Request: POST https://api.telegram.org/bot8223733917:AAFabLukypvSim_T9zIMmu6Zvi0XfOoRNc4/getUpdates "HTTP/1.1 200 OK"
2026-01-30 14:23:51,271 - httpx - INFO - HTTP Request: POST https://api.telegram.org/bot8223733917:AAFabLukypvSim_T9zIMmu6Zvi0XfOoRNc4/getUpdates "HTTP/1.1 200 OK"
2026-01-30 14:24:01,333 - httpx - INFO - HTTP Request: POST https://api.telegram.org/bot8223733917:AAFabLukypvSim_T9zIMmu6Zvi0XfOoRNc4/getUpdates "HTTP/1.1 200 OK"
2026-01-30 14:24:11,494 - httpx - INFO - HTTP Request: POST https://api.telegram.org/bot8223733917:AAFabLukypvSim_T9zIMmu6Zvi0XfOoRNc4/getUpdates "HTTP/1.1 200 OK"
2026-01-30 14:24:21,743 - httpx - INFO - HTTP Request: POST https://api.telegram.org/bot8223733917:AAFabLukypvSim_T9zIMmu6Zvi0XfOoRNc4/getUpdates "HTTP/1.1 200 OK"
2026-01-30 14:24:31,850 - httpx - INFO - HTTP Request: POST https://api.telegram.org/bot8223733917:AAFabLukypvSim_T9zIMmu6Zvi0XfOoRNc4/getUpdates "HTTP/1.1 200 OK"
2026-01-30 14:24:42,068 - httpx - INFO - HTTP Request: POST https://api.telegram.org/bot8223733917:AAFabLukypvSim_T9zIMmu6Zvi0XfOoRNc4/getUpdates "HTTP/1.1 200 OK"
2026-01-30 14:24:52,147 - httpx - INFO - HTTP Request: POST https://api.telegram.org/bot8223733917:AAFabLukypvSim_T9zIMmu6Zvi0XfOoRNc4/getUpdates "HTTP/1.1 200 OK"
2026-01-30 14:25:02,256 - httpx - INFO - HTTP Request: POST https://api.telegram.org/bot8223733917:AAFabLukypvSim_T9zIMmu6Zvi0XfOoRNc4/getUpdates "HTTP/1.1 200 OK"
2026-01-30 14:25:12,424 - httpx - INFO - HTTP Request: POST https://api.telegram.org/bot8223733917:AAFabLukypvSim_T9zIMmu6Zvi0XfOoRNc4/getUpdates "HTTP/1.1 200 OK"
2026-01-30 14:25:22,489 - httpx - INFO - HTTP Request: POST https://api.telegram.org/bot8223733917:AAFabLukypvSim_T9zIMmu6Zvi0XfOoRNc4/getUpdates "HTTP/1.1 200 OK"
2026-01-30 14:25:32,732 - httpx - INFO - HTTP Request: POST https://api.telegram.org/bot8223733917:AAFabLukypvSim_T9zIMmu6Zvi0XfOoRNc4/getUpdates "HTTP/1.1 200 OK"
2026-01-30 14:25:42,841 - httpx - INFO - HTTP Request: POST https://api.telegram.org/bot8223733917:AAFabLukypvSim_T9zIMmu6Zvi0XfOoRNc4/getUpdates "HTTP/1.1 200 OK"
2026-01-30 14:25:52,916 - httpx - INFO - HTTP Request: POST https://api.telegram.org/bot8223733917:AAFabLukypvSim_T9zIMmu6Zvi0XfOoRNc4/getUpdates "HTTP/1.1 200 OK"
2026-01-30 14:26:02,967 - httpx - INFO - HTTP Request: POST https://api.telegram.org/bot8223733917:AAFabLukypvSim_T9zIMmu6Zvi0XfOoRNc4/getUpdates "HTTP/1.1 200 OK"
2026-01-30 14:26:13,149 - httpx - INFO - HTTP Request: POST https://api.telegram.org/bot8223733917:AAFabLukypvSim_T9zIMmu6Zvi0XfOoRNc4/getUpdates "HTTP/1.1 200 OK"
2026-01-30 14:26:23,235 - httpx - INFO - HTTP Request: POST https://api.telegram.org/bot8223733917:AAFabLukypvSim_T9zIMmu6Zvi0XfOoRNc4/getUpdates "HTTP/1.1 200 OK"
2026-01-30 14:26:33,319 - httpx - INFO - HTTP Request: POST https://api.telegram.org/bot8223733917:AAFabLukypvSim_T9zIMmu6Zvi0XfOoRNc4/getUpdates "HTTP/1.1 200 OK"
2026-01-30 14:26:43,450 - httpx - INFO - HTTP Request: POST https://api.telegram.org/bot8223733917:AAFabLukypvSim_T9zIMmu6Zvi0XfOoRNc4/getUpdates "HTTP/1.1 200 OK"
2026-01-30 14:26:53,507 - httpx - INFO - HTTP Request: POST https://api.telegram.org/bot8223733917:AAFabLukypvSim_T9zIMmu6Zvi0XfOoRNc4/getUpdates "HTTP/1.1 200 OK"
2026-01-30 14:27:03,651 - httpx - INFO - HTTP Request: POST https://api.telegram.org/bot8223733917:AAFabLukypvSim_T9zIMmu6Zvi0XfOoRNc4/getUpdates "HTTP/1.1 200 OK"
2026-01-30 14:27:13,768 - httpx - INFO - HTTP Request: POST https://api.telegram.org/bot8223733917:AAFabLukypvSim_T9zIMmu6Zvi0XfOoRNc4/getUpdates "HTTP/1.1 200 OK"
2026-01-30 14:27:23,966 - httpx - INFO - HTTP Request: POST https://api.telegram.org/bot8223733917:AAFabLukypvSim_T9zIMmu6Zvi0XfOoRNc4/getUpdates "HTTP/1.1 200 OK"
2026-01-30 14:27:34,048 - httpx - INFO - HTTP Request: POST https://api.telegram.org/bot8223733917:AAFabLukypvSim_T9zIMmu6Zvi0XfOoRNc4/getUpdates "HTTP/1.1 200 OK"
2026-01-30 14:27:44,120 - httpx - INFO - HTTP Request: POST https://api.telegram.org/bot8223733917:AAFabLukypvSim_T9zIMmu6Zvi0XfOoRNc4/getUpdates "HTTP/1.1 200 OK"
2026-01-30 14:27:54,230 - httpx - INFO - HTTP Request: POST https://api.telegram.org/bot8223733917:AAFabLukypvSim_T9zIMmu6Zvi0XfOoRNc4/getUpdates "HTTP/1.1 200 OK"
2026-01-30 14:28:04,319 - httpx - INFO - HTTP Request: POST https://api.telegram.org/bot8223733917:AAFabLukypvSim_T9zIMmu6Zvi0XfOoRNc4/getUpdates "HTTP/1.1 200 OK"
2026-01-30 14:28:14,495 - httpx - INFO - HTTP Request: POST https://api.telegram.org/bot8223733917:AAFabLukypvSim_T9zIMmu6Zvi0XfOoRNc4/getUpdates "HTTP/1.1 200 OK"
2026-01-30 14:28:24,640 - httpx - INFO - HTTP Request: POST https://api.telegram.org/bot8223733917:AAFabLukypvSim_T9zIMmu6Zvi0XfOoRNc4/getUpdates "HTTP/1.1 200 OK"
2026-01-30 14:28:34,720 - httpx - INFO - HTTP Request: POST https://api.telegram.org/bot8223733917:AAFabLukypvSim_T9zIMmu6Zvi0XfOoRNc4/getUpdates "HTTP/1.1 200 OK"
2026-01-30 14:28:44,806 - httpx - INFO - HTTP Request: POST https://api.telegram.org/bot8223733917:AAFabLukypvSim_T9zIMmu6Zvi0XfOoRNc4/getUpdates "HTTP/1.1 200 OK"
2026-01-30 14:28:54,858 - httpx - INFO - HTTP Request: POST https://api.telegram.org/bot8223733917:AAFabLukypvSim_T9zIMmu6Zvi0XfOoRNc4/getUpdates "HTTP/1.1 200 OK"
2026-01-30 14:29:05,082 - httpx - INFO - HTTP Request: POST https://api.telegram.org/bot8223733917:AAFabLukypvSim_T9zIMmu6Zvi0XfOoRNc4/getUpdates "HTTP/1.1 200 OK"
2026-01-30 14:29:15,162 - httpx - INFO - HTTP Request: POST https://api.telegram.org/bot8223733917:AAFabLukypvSim_T9zIMmu6Zvi0XfOoRNc4/getUpdates "HTTP/1.1 200 OK"
2026-01-30 14:29:25,217 - httpx - INFO - HTTP Request: POST https://api.telegram.org/bot8223733917:AAFabLukypvSim_T9zIMmu6Zvi0XfOoRNc4/getUpdates "HTTP/1.1 200 OK"
2026-01-30 14:29:35,290 - httpx - INFO - HTTP Request: POST https://api.telegram.org/bot8223733917:AAFabLukypvSim_T9zIMmu6Zvi0XfOoRNc4/getUpdates "HTTP/1.1 200 OK"
2026-01-30 14:29:45,384 - httpx - INFO - HTTP Request: POST https://api.telegram.org/bot8223733917:AAFabLukypvSim_T9zIMmu6Zvi0XfOoRNc4/getUpdates "HTTP/1.1 200 OK"
2026-01-30 14:29:55,468 - httpx - INFO - HTTP Request: POST https://api.telegram.org/bot8223733917:AAFabLukypvSim_T9zIMmu6Zvi0XfOoRNc4/getUpdates "HTTP/1.1 200 OK"
2026-01-30 14:30:05,541 - httpx - INFO - HTTP Request: POST https://api.telegram.org/bot8223733917:AAFabLukypvSim_T9zIMmu6Zvi0XfOoRNc4/getUpdates "HTTP/1.1 200 OK"
2026-01-30 14:30:15,781 - httpx - INFO - HTTP Request: POST https://api.telegram.org/bot8223733917:AAFabLukypvSim_T9zIMmu6Zvi0XfOoRNc4/getUpdates "HTTP/1.1 200 OK"
2026-01-30 14:30:25,919 - httpx - INFO - HTTP Request: POST https://api.telegram.org/bot8223733917:AAFabLukypvSim_T9zIMmu6Zvi0XfOoRNc4/getUpdates "HTTP/1.1 200 OK"
2026-01-30 14:30:36,054 - httpx - INFO - HTTP Request: POST https://api.telegram.org/bot8223733917:AAFabLukypvSim_T9zIMmu6Zvi0XfOoRNc4/getUpdates "HTTP/1.1 200 OK"
2026-01-30 14:30:46,295 - httpx - INFO - HTTP Request: POST https://api.telegram.org/bot8223733917:AAFabLukypvSim_T9zIMmu6Zvi0XfOoRNc4/getUpdates "HTTP/1.1 200 OK"
2026-01-30 14:30:56,384 - httpx - INFO - HTTP Request: POST https://api.telegram.org/bot8223733917:AAFabLukypvSim_T9zIMmu6Zvi0XfOoRNc4/getUpdates "HTTP/1.1 200 OK"
2026-01-30 14:31:06,453 - httpx - INFO - HTTP Request: POST https://api.telegram.org/bot8223733917:AAFabLukypvSim_T9zIMmu6Zvi0XfOoRNc4/getUpdates "HTTP/1.1 200 OK"
2026-01-30 14:31:16,608 - httpx - INFO - HTTP Request: POST https://api.telegram.org/bot8223733917:AAFabLukypvSim_T9zIMmu6Zvi0XfOoRNc4/getUpdates "HTTP/1.1 200 OK"
2026-01-30 14:31:26,678 - httpx - INFO - HTTP Request: POST https://api.telegram.org/bot8223733917:AAFabLukypvSim_T9zIMmu6Zvi0XfOoRNc4/getUpdates "HTTP/1.1 200 OK"
2026-01-30 14:31:36,727 - httpx - INFO - HTTP Request: POST https://api.telegram.org/bot8223733917:AAFabLukypvSim_T9zIMmu6Zvi0XfOoRNc4/getUpdates "HTTP/1.1 200 OK"
2026-01-30 14:31:46,777 - httpx - INFO - HTTP Request: POST https://api.telegram.org/bot8223733917:AAFabLukypvSim_T9zIMmu6Zvi0XfOoRNc4/getUpdates "HTTP/1.1 200 OK"
2026-01-30 14:31:56,927 - httpx - INFO - HTTP Request: POST https://api.telegram.org/bot8223733917:AAFabLukypvSim_T9zIMmu6Zvi0XfOoRNc4/getUpdates "HTTP/1.1 200 OK"
2026-01-30 14:32:06,994 - httpx - INFO - HTTP Request: POST https://api.telegram.org/bot8223733917:AAFabLukypvSim_T9zIMmu6Zvi0XfOoRNc4/getUpdates "HTTP/1.1 200 OK"
2026-01-30 14:32:17,129 - httpx - INFO - HTTP Request: POST https://api.telegram.org/bot8223733917:AAFabLukypvSim_T9zIMmu6Zvi0XfOoRNc4/getUpdates "HTTP/1.1 200 OK"
2026-01-30 14:32:27,367 - httpx - INFO - HTTP Request: POST https://api.telegram.org/bot8223733917:AAFabLukypvSim_T9zIMmu6Zvi0XfOoRNc4/getUpdates "HTTP/1.1 200 OK"
2026-01-30 14:32:37,429 - httpx - INFO - HTTP Request: POST https://api.telegram.org/bot8223733917:AAFabLukypvSim_T9zIMmu6Zvi0XfOoRNc4/getUpdates "HTTP/1.1 200 OK"
2026-01-30 14:32:47,539 - httpx - INFO - HTTP Request: POST https://api.telegram.org/bot8223733917:AAFabLukypvSim_T9zIMmu6Zvi0XfOoRNc4/getUpdates "HTTP/1.1 200 OK"
2026-01-30 14:32:57,779 - httpx - INFO - HTTP Request: POST https://api.telegram.org/bot8223733917:AAFabLukypvSim_T9zIMmu6Zvi0XfOoRNc4/getUpdates "HTTP/1.1 200 OK"
2026-01-30 14:33:07,921 - httpx - INFO - HTTP Request: POST https://api.telegram.org/bot8223733917:AAFabLukypvSim_T9zIMmu6Zvi0XfOoRNc4/getUpdates "HTTP/1.1 200 OK"
2026-01-30 14:33:18,055 - httpx - INFO - HTTP Request: POST https://api.telegram.org/bot8223733917:AAFabLukypvSim_T9zIMmu6Zvi0XfOoRNc4/getUpdates "HTTP/1.1 200 OK"
2026-01-30 14:33:28,162 - httpx - INFO - HTTP Request: POST https://api.telegram.org/bot8223733917:AAFabLukypvSim_T9zIMmu6Zvi0XfOoRNc4/getUpdates "HTTP/1.1 200 OK"
2026-01-30 14:33:38,335 - httpx - INFO - HTTP Request: POST https://api.telegram.org/bot8223733917:AAFabLukypvSim_T9zIMmu6Zvi0XfOoRNc4/getUpdates "HTTP/1.1 200 OK"
2026-01-30 14:33:48,411 - httpx - INFO - HTTP Request: POST https://api.telegram.org/bot8223733917:AAFabLukypvSim_T9zIMmu6Zvi0XfOoRNc4/getUpdates "HTTP/1.1 200 OK"
2026-01-30 14:33:58,464 - httpx - INFO - HTTP Request: POST https://api.telegram.org/bot8223733917:AAFabLukypvSim_T9zIMmu6Zvi0XfOoRNc4/getUpdates "HTTP/1.1 200 OK"
2026-01-30 14:34:08,539 - httpx - INFO - HTTP Request: POST https://api.telegram.org/bot8223733917:AAFabLukypvSim_T9zIMmu6Zvi0XfOoRNc4/getUpdates "HTTP/1.1 200 OK"
2026-01-30 14:34:18,619 - httpx - INFO - HTTP Request: POST https://api.telegram.org/bot8223733917:AAFabLukypvSim_T9zIMmu6Zvi0XfOoRNc4/getUpdates "HTTP/1.1 200 OK"
2026-01-30 14:34:28,714 - httpx - INFO - HTTP Request: POST https://api.telegram.org/bot8223733917:AAFabLukypvSim_T9zIMmu6Zvi0XfOoRNc4/getUpdates "HTTP/1.1 200 OK"
2026-01-30 14:34:38,851 - httpx - INFO - HTTP Request: POST https://api.telegram.org/bot8223733917:AAFabLukypvSim_T9zIMmu6Zvi0XfOoRNc4/getUpdates "HTTP/1.1 200 OK"
2026-01-30 14:34:48,910 - httpx - INFO - HTTP Request: POST https://api.telegram.org/bot8223733917:AAFabLukypvSim_T9zIMmu6Zvi0XfOoRNc4/getUpdates "HTTP/1.1 200 OK"
2026-01-30 14:34:59,007 - httpx - INFO - HTTP Request: POST https://api.telegram.org/bot8223733917:AAFabLukypvSim_T9zIMmu6Zvi0XfOoRNc4/getUpdates "HTTP/1.1 200 OK"
2026-01-30 14:35:09,163 - httpx - INFO - HTTP Request: POST https://api.telegram.org/bot8223733917:AAFabLukypvSim_T9zIMmu6Zvi0XfOoRNc4/getUpdates "HTTP/1.1 200 OK"
2026-01-30 14:35:19,407 - httpx - INFO - HTTP Request: POST https://api.telegram.org/bot8223733917:AAFabLukypvSim_T9zIMmu6Zvi0XfOoRNc4/getUpdates "HTTP/1.1 200 OK"
2026-01-30 14:35:29,544 - httpx - INFO - HTTP Request: POST https://api.telegram.org/bot8223733917:AAFabLukypvSim_T9zIMmu6Zvi0XfOoRNc4/getUpdates "HTTP/1.1 200 OK"
2026-01-30 14:35:39,615 - httpx - INFO - HTTP Request: POST https://api.telegram.org/bot8223733917:AAFabLukypvSim_T9zIMmu6Zvi0XfOoRNc4/getUpdates "HTTP/1.1 200 OK"
2026-01-30 14:35:49,816 - httpx - INFO - HTTP Request: POST https://api.telegram.org/bot8223733917:AAFabLukypvSim_T9zIMmu6Zvi0XfOoRNc4/getUpdates "HTTP/1.1 200 OK"
2026-01-30 14:35:59,954 - httpx - INFO - HTTP Request: POST https://api.telegram.org/bot8223733917:AAFabLukypvSim_T9zIMmu6Zvi0XfOoRNc4/getUpdates "HTTP/1.1 200 OK"
2026-01-30 14:36:10,198 - httpx - INFO - HTTP Request: POST https://api.telegram.org/bot8223733917:AAFabLukypvSim_T9zIMmu6Zvi0XfOoRNc4/getUpdates "HTTP/1.1 200 OK"
2026-01-30 14:36:20,337 - httpx - INFO - HTTP Request: POST https://api.telegram.org/bot8223733917:AAFabLukypvSim_T9zIMmu6Zvi0XfOoRNc4/getUpdates "HTTP/1.1 200 OK"
2026-01-30 14:36:30,388 - httpx - INFO - HTTP Request: POST https://api.telegram.org/bot8223733917:AAFabLukypvSim_T9zIMmu6Zvi0XfOoRNc4/getUpdates "HTTP/1.1 200 OK"
2026-01-30 14:36:40,612 - httpx - INFO - HTTP Request: POST https://api.telegram.org/bot8223733917:AAFabLukypvSim_T9zIMmu6Zvi0XfOoRNc4/getUpdates "HTTP/1.1 200 OK"
2026-01-30 14:36:51,158 - httpx - INFO - HTTP Request: POST https://api.telegram.org/bot8223733917:AAFabLukypvSim_T9zIMmu6Zvi0XfOoRNc4/getUpdates "HTTP/1.1 200 OK"
2026-01-30 14:37:01,230 - httpx - INFO - HTTP Request: POST https://api.telegram.org/bot8223733917:AAFabLukypvSim_T9zIMmu6Zvi0XfOoRNc4/getUpdates "HTTP/1.1 200 OK"
2026-01-30 14:37:11,330 - httpx - INFO - HTTP Request: POST https://api.telegram.org/bot8223733917:AAFabLukypvSim_T9zIMmu6Zvi0XfOoRNc4/getUpdates "HTTP/1.1 200 OK"
2026-01-30 14:37:21,387 - httpx - INFO - HTTP Request: POST https://api.telegram.org/bot8223733917:AAFabLukypvSim_T9zIMmu6Zvi0XfOoRNc4/getUpdates "HTTP/1.1 200 OK"
2026-01-30 14:37:31,558 - httpx - INFO - HTTP Request: POST https://api.telegram.org/bot8223733917:AAFabLukypvSim_T9zIMmu6Zvi0XfOoRNc4/getUpdates "HTTP/1.1 200 OK"
2026-01-30 14:37:41,948 - httpx - INFO - HTTP Request: POST https://api.telegram.org/bot8223733917:AAFabLukypvSim_T9zIMmu6Zvi0XfOoRNc4/getUpdates "HTTP/1.1 200 OK"
2026-01-30 14:37:52,099 - httpx - INFO - HTTP Request: POST https://api.telegram.org/bot8223733917:AAFabLukypvSim_T9zIMmu6Zvi0XfOoRNc4/getUpdates "HTTP/1.1 200 OK"
2026-01-30 14:38:02,170 - httpx - INFO - HTTP Request: POST https://api.telegram.org/bot8223733917:AAFabLukypvSim_T9zIMmu6Zvi0XfOoRNc4/getUpdates "HTTP/1.1 200 OK"
2026-01-30 14:38:12,362 - httpx - INFO - HTTP Request: POST https://api.telegram.org/bot8223733917:AAFabLukypvSim_T9zIMmu6Zvi0XfOoRNc4/getUpdates "HTTP/1.1 200 OK"
2026-01-30 14:38:22,500 - httpx - INFO - HTTP Request: POST https://api.telegram.org/bot8223733917:AAFabLukypvSim_T9zIMmu6Zvi0XfOoRNc4/getUpdates "HTTP/1.1 200 OK"
2026-01-30 14:38:32,585 - httpx - INFO - HTTP Request: POST https://api.telegram.org/bot8223733917:AAFabLukypvSim_T9zIMmu6Zvi0XfOoRNc4/getUpdates "HTTP/1.1 200 OK"
2026-01-30 14:38:42,643 - httpx - INFO - HTTP Request: POST https://api.telegram.org/bot8223733917:AAFabLukypvSim_T9zIMmu6Zvi0XfOoRNc4/getUpdates "HTTP/1.1 200 OK"
2026-01-30 14:38:52,714 - httpx - INFO - HTTP Request: POST https://api.telegram.org/bot8223733917:AAFabLukypvSim_T9zIMmu6Zvi0XfOoRNc4/getUpdates "HTTP/1.1 200 OK"
2026-01-30 14:39:02,770 - httpx - INFO - HTTP Request: POST https://api.telegram.org/bot8223733917:AAFabLukypvSim_T9zIMmu6Zvi0XfOoRNc4/getUpdates "HTTP/1.1 200 OK"
2026-01-30 14:39:12,985 - httpx - INFO - HTTP Request: POST https://api.telegram.org/bot8223733917:AAFabLukypvSim_T9zIMmu6Zvi0XfOoRNc4/getUpdates "HTTP/1.1 200 OK"
2026-01-30 14:39:23,131 - httpx - INFO - HTTP Request: POST https://api.telegram.org/bot8223733917:AAFabLukypvSim_T9zIMmu6Zvi0XfOoRNc4/getUpdates "HTTP/1.1 200 OK"
2026-01-30 14:39:33,201 - httpx - INFO - HTTP Request: POST https://api.telegram.org/bot8223733917:AAFabLukypvSim_T9zIMmu6Zvi0XfOoRNc4/getUpdates "HTTP/1.1 200 OK"
2026-01-30 14:39:43,251 - httpx - INFO - HTTP Request: POST https://api.telegram.org/bot8223733917:AAFabLukypvSim_T9zIMmu6Zvi0XfOoRNc4/getUpdates "HTTP/1.1 200 OK"
2026-01-30 14:39:53,332 - httpx - INFO - HTTP Request: POST https://api.telegram.org/bot8223733917:AAFabLukypvSim_T9zIMmu6Zvi0XfOoRNc4/getUpdates "HTTP/1.1 200 OK"
2026-01-30 14:40:03,573 - httpx - INFO - HTTP Request: POST https://api.telegram.org/bot8223733917:AAFabLukypvSim_T9zIMmu6Zvi0XfOoRNc4/getUpdates "HTTP/1.1 200 OK"
2026-01-30 14:40:13,712 - httpx - INFO - HTTP Request: POST https://api.telegram.org/bot8223733917:AAFabLukypvSim_T9zIMmu6Zvi0XfOoRNc4/getUpdates "HTTP/1.1 200 OK"
2026-01-30 14:40:23,976 - httpx - INFO - HTTP Request: POST https://api.telegram.org/bot8223733917:AAFabLukypvSim_T9zIMmu6Zvi0XfOoRNc4/getUpdates "HTTP/1.1 200 OK"
2026-01-30 14:40:34,042 - httpx - INFO - HTTP Request: POST https://api.telegram.org/bot8223733917:AAFabLukypvSim_T9zIMmu6Zvi0XfOoRNc4/getUpdates "HTTP/1.1 200 OK"
2026-01-30 14:40:44,447 - httpx - INFO - HTTP Request: POST https://api.telegram.org/bot8223733917:AAFabLukypvSim_T9zIMmu6Zvi0XfOoRNc4/getUpdates "HTTP/1.1 200 OK"
2026-01-30 14:40:54,533 - httpx - INFO - HTTP Request: POST https://api.telegram.org/bot8223733917:AAFabLukypvSim_T9zIMmu6Zvi0XfOoRNc4/getUpdates "HTTP/1.1 200 OK"
2026-01-30 14:41:04,604 - httpx - INFO - HTTP Request: POST https://api.telegram.org/bot8223733917:AAFabLukypvSim_T9zIMmu6Zvi0XfOoRNc4/getUpdates "HTTP/1.1 200 OK"
2026-01-30 14:41:14,884 - httpx - INFO - HTTP Request: POST https://api.telegram.org/bot8223733917:AAFabLukypvSim_T9zIMmu6Zvi0XfOoRNc4/getUpdates "HTTP/1.1 200 OK"
2026-01-30 14:41:24,984 - httpx - INFO - HTTP Request: POST https://api.telegram.org/bot8223733917:AAFabLukypvSim_T9zIMmu6Zvi0XfOoRNc4/getUpdates "HTTP/1.1 200 OK"
2026-01-30 14:41:35,124 - httpx - INFO - HTTP Request: POST https://api.telegram.org/bot8223733917:AAFabLukypvSim_T9zIMmu6Zvi0XfOoRNc4/getUpdates "HTTP/1.1 200 OK"
2026-01-30 14:41:45,262 - httpx - INFO - HTTP Request: POST https://api.telegram.org/bot8223733917:AAFabLukypvSim_T9zIMmu6Zvi0XfOoRNc4/getUpdates "HTTP/1.1 200 OK"
2026-01-30 14:41:55,314 - httpx - INFO - HTTP Request: POST https://api.telegram.org/bot8223733917:AAFabLukypvSim_T9zIMmu6Zvi0XfOoRNc4/getUpdates "HTTP/1.1 200 OK"
2026-01-30 14:42:05,744 - httpx - INFO - HTTP Request: POST https://api.telegram.org/bot8223733917:AAFabLukypvSim_T9zIMmu6Zvi0XfOoRNc4/getUpdates "HTTP/1.1 200 OK"
2026-01-30 14:42:15,935 - httpx - INFO - HTTP Request: POST https://api.telegram.org/bot8223733917:AAFabLukypvSim_T9zIMmu6Zvi0XfOoRNc4/getUpdates "HTTP/1.1 200 OK"
2026-01-30 14:42:26,005 - httpx - INFO - HTTP Request: POST https://api.telegram.org/bot8223733917:AAFabLukypvSim_T9zIMmu6Zvi0XfOoRNc4/getUpdates "HTTP/1.1 200 OK"
2026-01-30 14:42:36,065 - httpx - INFO - HTTP Request: POST https://api.telegram.org/bot8223733917:AAFabLukypvSim_T9zIMmu6Zvi0XfOoRNc4/getUpdates "HTTP/1.1 200 OK"
2026-01-30 14:42:46,170 - httpx - INFO - HTTP Request: POST https://api.telegram.org/bot8223733917:AAFabLukypvSim_T9zIMmu6Zvi0XfOoRNc4/getUpdates "HTTP/1.1 200 OK"
2026-01-30 14:42:56,342 - httpx - INFO - HTTP Request: POST https://api.telegram.org/bot8223733917:AAFabLukypvSim_T9zIMmu6Zvi0XfOoRNc4/getUpdates "HTTP/1.1 200 OK"
2026-01-30 14:43:06,566 - httpx - INFO - HTTP Request: POST https://api.telegram.org/bot8223733917:AAFabLukypvSim_T9zIMmu6Zvi0XfOoRNc4/getUpdates "HTTP/1.1 200 OK"
2026-01-30 14:43:16,745 - httpx - INFO - HTTP Request: POST https://api.telegram.org/bot8223733917:AAFabLukypvSim_T9zIMmu6Zvi0XfOoRNc4/getUpdates "HTTP/1.1 200 OK"
2026-01-30 14:43:26,934 - httpx - INFO - HTTP Request: POST https://api.telegram.org/bot8223733917:AAFabLukypvSim_T9zIMmu6Zvi0XfOoRNc4/getUpdates "HTTP/1.1 200 OK"
2026-01-30 14:43:37,086 - httpx - INFO - HTTP Request: POST https://api.telegram.org/bot8223733917:AAFabLukypvSim_T9zIMmu6Zvi0XfOoRNc4/getUpdates "HTTP/1.1 200 OK"
2026-01-30 14:43:47,429 - httpx - INFO - HTTP Request: POST https://api.telegram.org/bot8223733917:AAFabLukypvSim_T9zIMmu6Zvi0XfOoRNc4/getUpdates "HTTP/1.1 200 OK"
2026-01-30 14:43:57,480 - httpx - INFO - HTTP Request: POST https://api.telegram.org/bot8223733917:AAFabLukypvSim_T9zIMmu6Zvi0XfOoRNc4/getUpdates "HTTP/1.1 200 OK"
2026-01-30 14:44:07,701 - httpx - INFO - HTTP Request: POST https://api.telegram.org/bot8223733917:AAFabLukypvSim_T9zIMmu6Zvi0XfOoRNc4/getUpdates "HTTP/1.1 200 OK"
2026-01-30 14:44:17,842 - httpx - INFO - HTTP Request: POST https://api.telegram.org/bot8223733917:AAFabLukypvSim_T9zIMmu6Zvi0XfOoRNc4/getUpdates "HTTP/1.1 200 OK"
2026-01-30 14:44:27,980 - httpx - INFO - HTTP Request: POST https://api.telegram.org/bot8223733917:AAFabLukypvSim_T9zIMmu6Zvi0XfOoRNc4/getUpdates "HTTP/1.1 200 OK"
2026-01-30 14:44:38,072 - httpx - INFO - HTTP Request: POST https://api.telegram.org/bot8223733917:AAFabLukypvSim_T9zIMmu6Zvi0XfOoRNc4/getUpdates "HTTP/1.1 200 OK"
2026-01-30 14:44:48,264 - httpx - INFO - HTTP Request: POST https://api.telegram.org/bot8223733917:AAFabLukypvSim_T9zIMmu6Zvi0XfOoRNc4/getUpdates "HTTP/1.1 200 OK"
2026-01-30 14:44:58,395 - httpx - INFO - HTTP Request: POST https://api.telegram.org/bot8223733917:AAFabLukypvSim_T9zIMmu6Zvi0XfOoRNc4/getUpdates "HTTP/1.1 200 OK"
2026-01-30 14:45:08,447 - httpx - INFO - HTTP Request: POST https://api.telegram.org/bot8223733917:AAFabLukypvSim_T9zIMmu6Zvi0XfOoRNc4/getUpdates "HTTP/1.1 200 OK"
2026-01-30 14:45:18,586 - httpx - INFO - HTTP Request: POST https://api.telegram.org/bot8223733917:AAFabLukypvSim_T9zIMmu6Zvi0XfOoRNc4/getUpdates "HTTP/1.1 200 OK"
2026-01-30 14:45:28,685 - httpx - INFO - HTTP Request: POST https://api.telegram.org/bot8223733917:AAFabLukypvSim_T9zIMmu6Zvi0XfOoRNc4/getUpdates "HTTP/1.1 200 OK"
2026-01-30 14:47:24,107 - httpx - INFO - HTTP Request: POST https://api.telegram.org/bot8223733917:AAFabLukypvSim_T9zIMmu6Zvi0XfOoRNc4/getUpdates "HTTP/1.1 200 OK"
2026-01-30 14:47:34,172 - httpx - INFO - HTTP Request: POST https://api.telegram.org/bot8223733917:AAFabLukypvSim_T9zIMmu6Zvi0XfOoRNc4/getUpdates "HTTP/1.1 200 OK"
2026-01-30 14:47:44,225 - httpx - INFO - HTTP Request: POST https://api.telegram.org/bot8223733917:AAFabLukypvSim_T9zIMmu6Zvi0XfOoRNc4/getUpdates "HTTP/1.1 200 OK"
2026-01-30 14:47:49,366 - httpx - INFO - HTTP Request: POST https://api.telegram.org/bot8223733917:AAFabLukypvSim_T9zIMmu6Zvi0XfOoRNc4/getUpdates "HTTP/1.1 200 OK"
2026-01-30 14:47:53,583 - httpx - INFO - HTTP Request: POST https://api.telegram.org/bot8223733917:AAFabLukypvSim_T9zIMmu6Zvi0XfOoRNc4/getUpdates "HTTP/1.1 200 OK"
2026-01-30 14:47:54,404 - httpx - INFO - HTTP Request: POST https://api.telegram.org/bot8223733917:AAFabLukypvSim_T9zIMmu6Zvi0XfOoRNc4/getUpdates "HTTP/1.1 200 OK"
2026-01-30 14:47:54,513 - httpx - INFO - HTTP Request: POST https://api.telegram.org/bot8223733917:AAFabLukypvSim_T9zIMmu6Zvi0XfOoRNc4/getUpdates "HTTP/1.1 200 OK"
2026-01-30 14:47:55,626 - httpx - INFO - HTTP Request: POST https://api.telegram.org/bot8223733917:AAFabLukypvSim_T9zIMmu6Zvi0XfOoRNc4/getUpdates "HTTP/1.1 200 OK"
2026-01-30 14:47:57,043 - httpx - INFO - HTTP Request: POST https://api.telegram.org/bot8223733917:AAFabLukypvSim_T9zIMmu6Zvi0XfOoRNc4/getUpdates "HTTP/1.1 200 OK"
2026-01-30 14:48:07,118 - httpx - INFO - HTTP Request: POST https://api.telegram.org/bot8223733917:AAFabLukypvSim_T9zIMmu6Zvi0XfOoRNc4/getUpdates "HTTP/1.1 200 OK"
2026-01-30 14:48:17,180 - httpx - INFO - HTTP Request: POST https://api.telegram.org/bot8223733917:AAFabLukypvSim_T9zIMmu6Zvi0XfOoRNc4/getUpdates "HTTP/1.1 200 OK"
2026-01-30 14:48:27,328 - httpx - INFO - HTTP Request: POST https://api.telegram.org/bot8223733917:AAFabLukypvSim_T9zIMmu6Zvi0XfOoRNc4/getUpdates "HTTP/1.1 200 OK"
2026-01-30 14:48:37,423 - httpx - INFO - HTTP Request: POST https://api.telegram.org/bot8223733917:AAFabLukypvSim_T9zIMmu6Zvi0XfOoRNc4/getUpdates "HTTP/1.1 200 OK"
2026-01-30 14:48:47,520 - httpx - INFO - HTTP Request: POST https://api.telegram.org/bot8223733917:AAFabLukypvSim_T9zIMmu6Zvi0XfOoRNc4/getUpdates "HTTP/1.1 200 OK"
2026-01-30 14:48:57,603 - httpx - INFO - HTTP Request: POST https://api.telegram.org/bot8223733917:AAFabLukypvSim_T9zIMmu6Zvi0XfOoRNc4/getUpdates "HTTP/1.1 200 OK"
2026-01-30 14:49:07,717 - httpx - INFO - HTTP Request: POST https://api.telegram.org/bot8223733917:AAFabLukypvSim_T9zIMmu6Zvi0XfOoRNc4/getUpdates "HTTP/1.1 200 OK"
2026-01-30 14:49:17,777 - httpx - INFO - HTTP Request: POST https://api.telegram.org/bot8223733917:AAFabLukypvSim_T9zIMmu6Zvi0XfOoRNc4/getUpdates "HTTP/1.1 200 OK"
2026-01-30 14:49:24,472 - httpx - INFO - HTTP Request: POST https://api.telegram.org/bot8223733917:AAFabLukypvSim_T9zIMmu6Zvi0XfOoRNc4/getUpdates "HTTP/1.1 200 OK"
2026-01-30 14:49:25,565 - httpx - INFO - HTTP Request: POST https://api.telegram.org/bot8223733917:AAFabLukypvSim_T9zIMmu6Zvi0XfOoRNc4/getUpdates "HTTP/1.1 200 OK"
2026-01-30 14:49:35,655 - httpx - INFO - HTTP Request: POST https://api.telegram.org/bot8223733917:AAFabLukypvSim_T9zIMmu6Zvi0XfOoRNc4/getUpdates "HTTP/1.1 200 OK"
2026-01-30 14:49:41,612 - httpx - INFO - HTTP Request: POST https://api.telegram.org/bot8223733917:AAFabLukypvSim_T9zIMmu6Zvi0XfOoRNc4/getUpdates "HTTP/1.1 200 OK"
2026-01-30 14:49:41,613 - telegram.ext.Application - INFO - Application is stopping. This might take a moment.
2026-01-30 14:49:41,613 - telegram.ext.Application - INFO - Application.stop() complete
2026-01-30 14:49:41,655 - __main__ - INFO - Starting bot...
2026-01-30 14:49:41,655 - __main__ - INFO - Monitoring group: -4993252670
2026-01-30 14:49:41,655 - __main__ - INFO - Trigger phrase: 'USER MESSAGE'
2026-01-30 14:49:41,930 - httpx - INFO - HTTP Request: POST https://api.telegram.org/bot8223733917:AAFabLukypvSim_T9zIMmu6Zvi0XfOoRNc4/getMe "HTTP/1.1 200 OK"
2026-01-30 14:49:41,986 - httpx - INFO - HTTP Request: POST https://api.telegram.org/bot8223733917:AAFabLukypvSim_T9zIMmu6Zvi0XfOoRNc4/deleteWebhook "HTTP/1.1 200 OK"
2026-01-30 14:49:41,988 - telegram.ext.Application - INFO - Application started
2026-01-30 14:49:52,146 - httpx - INFO - HTTP Request: POST https://api.telegram.org/bot8223733917:AAFabLukypvSim_T9zIMmu6Zvi0XfOoRNc4/getUpdates "HTTP/1.1 200 OK"
2026-01-30 14:50:02,301 - httpx - INFO - HTTP Request: POST https://api.telegram.org/bot8223733917:AAFabLukypvSim_T9zIMmu6Zvi0XfOoRNc4/getUpdates "HTTP/1.1 200 OK"
2026-01-30 14:50:10,277 - httpx - INFO - HTTP Request: POST https://api.telegram.org/bot8223733917:AAFabLukypvSim_T9zIMmu6Zvi0XfOoRNc4/getUpdates "HTTP/1.1 200 OK"
2026-01-30 14:50:12,246 - httpx - INFO - HTTP Request: POST https://api.telegram.org/bot8223733917:AAFabLukypvSim_T9zIMmu6Zvi0XfOoRNc4/getUpdates "HTTP/1.1 200 OK"
2026-01-30 14:50:14,286 - httpx - INFO - HTTP Request: POST https://api.telegram.org/bot8223733917:AAFabLukypvSim_T9zIMmu6Zvi0XfOoRNc4/getUpdates "HTTP/1.1 200 OK"
2026-01-30 14:50:15,472 - httpx - INFO - HTTP Request: POST https://api.telegram.org/bot8223733917:AAFabLukypvSim_T9zIMmu6Zvi0XfOoRNc4/getUpdates "HTTP/1.1 200 OK"
2026-01-30 14:50:15,557 - httpx - INFO - HTTP Request: POST https://api.telegram.org/bot8223733917:AAFabLukypvSim_T9zIMmu6Zvi0XfOoRNc4/getUpdates "HTTP/1.1 200 OK"
2026-01-30 14:50:17,018 - httpx - INFO - HTTP Request: POST https://api.telegram.org/bot8223733917:AAFabLukypvSim_T9zIMmu6Zvi0XfOoRNc4/getUpdates "HTTP/1.1 200 OK"
2026-01-30 14:50:17,697 - httpx - INFO - HTTP Request: POST https://api.telegram.org/bot8223733917:AAFabLukypvSim_T9zIMmu6Zvi0XfOoRNc4/getUpdates "HTTP/1.1 200 OK"
2026-01-30 14:50:18,166 - httpx - INFO - HTTP Request: POST https://api.telegram.org/bot8223733917:AAFabLukypvSim_T9zIMmu6Zvi0XfOoRNc4/getUpdates "HTTP/1.1 200 OK"
2026-01-30 14:50:18,346 - httpx - INFO - HTTP Request: POST https://api.telegram.org/bot8223733917:AAFabLukypvSim_T9zIMmu6Zvi0XfOoRNc4/getUpdates "HTTP/1.1 200 OK"
2026-01-30 14:50:18,562 - httpx - INFO - HTTP Request: POST https://api.telegram.org/bot8223733917:AAFabLukypvSim_T9zIMmu6Zvi0XfOoRNc4/getUpdates "HTTP/1.1 200 OK"
2026-01-30 14:50:25,854 - httpx - INFO - HTTP Request: POST https://api.telegram.org/bot8223733917:AAFabLukypvSim_T9zIMmu6Zvi0XfOoRNc4/getUpdates "HTTP/1.1 200 OK"
2026-01-30 14:50:27,284 - httpx - INFO - HTTP Request: POST https://api.telegram.org/bot8223733917:AAFabLukypvSim_T9zIMmu6Zvi0XfOoRNc4/getUpdates "HTTP/1.1 200 OK"
2026-01-30 14:50:28,873 - httpx - INFO - HTTP Request: POST https://api.telegram.org/bot8223733917:AAFabLukypvSim_T9zIMmu6Zvi0XfOoRNc4/getUpdates "HTTP/1.1 200 OK"
2026-01-30 14:50:29,644 - httpx - INFO - HTTP Request: POST https://api.telegram.org/bot8223733917:AAFabLukypvSim_T9zIMmu6Zvi0XfOoRNc4/getUpdates "HTTP/1.1 200 OK"
2026-01-30 14:50:29,700 - httpx - INFO - HTTP Request: POST https://api.telegram.org/bot8223733917:AAFabLukypvSim_T9zIMmu6Zvi0XfOoRNc4/getUpdates "HTTP/1.1 200 OK"
2026-01-30 14:50:30,868 - httpx - INFO - HTTP Request: POST https://api.telegram.org/bot8223733917:AAFabLukypvSim_T9zIMmu6Zvi0XfOoRNc4/getUpdates "HTTP/1.1 200 OK"
2026-01-30 14:50:41,113 - httpx - INFO - HTTP Request: POST https://api.telegram.org/bot8223733917:AAFabLukypvSim_T9zIMmu6Zvi0XfOoRNc4/getUpdates "HTTP/1.1 200 OK"
2026-01-30 14:50:51,248 - httpx - INFO - HTTP Request: POST https://api.telegram.org/bot8223733917:AAFabLukypvSim_T9zIMmu6Zvi0XfOoRNc4/getUpdates "HTTP/1.1 200 OK"
2026-01-30 14:51:01,301 - httpx - INFO - HTTP Request: POST https://api.telegram.org/bot8223733917:AAFabLukypvSim_T9zIMmu6Zvi0XfOoRNc4/getUpdates "HTTP/1.1 200 OK"
2026-01-30 14:51:11,429 - httpx - INFO - HTTP Request: POST https://api.telegram.org/bot8223733917:AAFabLukypvSim_T9zIMmu6Zvi0XfOoRNc4/getUpdates "HTTP/1.1 200 OK"
2026-01-30 14:51:21,491 - httpx - INFO - HTTP Request: POST https://api.telegram.org/bot8223733917:AAFabLukypvSim_T9zIMmu6Zvi0XfOoRNc4/getUpdates "HTTP/1.1 200 OK"
2026-01-30 14:51:30,457 - httpx - INFO - HTTP Request: POST https://api.telegram.org/bot8223733917:AAFabLukypvSim_T9zIMmu6Zvi0XfOoRNc4/getUpdates "HTTP/1.1 200 OK"
2026-01-30 14:51:30,458 - telegram.ext.Application - INFO - Application is stopping. This might take a moment.
2026-01-30 14:51:30,459 - telegram.ext.Application - INFO - Application.stop() complete
